2019-12-25 10:38 [restartedMain] [WARN]  org.apache.juli.logging.DirectJDKLog.log(DirectJDKLog.java:173)ev  el org.apache.catalina.loader.WebappClassLoaderBase - The web application [ROOT] appears to have started a thread named [Abandoned connection cleanup thread] but has failed to stop it. This is very likely to create a memory leak. Stack trace of thread:
 java.lang.Object.wait(Native Method)
 java.lang.ref.ReferenceQueue.remove(ReferenceQueue.java:143)
 com.mysql.jdbc.AbandonedConnectionCleanupThread.run(AbandonedConnectionCleanupThread.java:43)
2019-12-25 10:39 [restartedMain] [WARN]  org.apache.juli.logging.DirectJDKLog.log(DirectJDKLog.java:173)ev  el org.apache.catalina.loader.WebappClassLoaderBase - The web application [ROOT] appears to have started a thread named [Abandoned connection cleanup thread] but has failed to stop it. This is very likely to create a memory leak. Stack trace of thread:
 java.lang.Object.wait(Native Method)
 java.lang.ref.ReferenceQueue.remove(ReferenceQueue.java:143)
 com.mysql.jdbc.AbandonedConnectionCleanupThread.run(AbandonedConnectionCleanupThread.java:43)
2019-12-25 10:42 [restartedMain] [WARN]  org.apache.juli.logging.DirectJDKLog.log(DirectJDKLog.java:173)ev  el org.apache.catalina.loader.WebappClassLoaderBase - The web application [ROOT] appears to have started a thread named [Abandoned connection cleanup thread] but has failed to stop it. This is very likely to create a memory leak. Stack trace of thread:
 java.lang.Object.wait(Native Method)
 java.lang.ref.ReferenceQueue.remove(ReferenceQueue.java:143)
 com.mysql.jdbc.AbandonedConnectionCleanupThread.run(AbandonedConnectionCleanupThread.java:43)
2019-12-25 10:45 [restartedMain] [WARN]  org.apache.juli.logging.DirectJDKLog.log(DirectJDKLog.java:173)ev  el org.apache.catalina.loader.WebappClassLoaderBase - The web application [ROOT] appears to have started a thread named [Abandoned connection cleanup thread] but has failed to stop it. This is very likely to create a memory leak. Stack trace of thread:
 java.lang.Object.wait(Native Method)
 java.lang.ref.ReferenceQueue.remove(ReferenceQueue.java:143)
 com.mysql.jdbc.AbandonedConnectionCleanupThread.run(AbandonedConnectionCleanupThread.java:43)
2019-12-25 10:46 [restartedMain] [WARN]  org.apache.juli.logging.DirectJDKLog.log(DirectJDKLog.java:173)ev  el org.apache.catalina.loader.WebappClassLoaderBase - The web application [ROOT] appears to have started a thread named [Abandoned connection cleanup thread] but has failed to stop it. This is very likely to create a memory leak. Stack trace of thread:
 java.lang.Object.wait(Native Method)
 java.lang.ref.ReferenceQueue.remove(ReferenceQueue.java:143)
 com.mysql.jdbc.AbandonedConnectionCleanupThread.run(AbandonedConnectionCleanupThread.java:43)
2019-12-25 10:47 [restartedMain] [ERROR]  com.alibaba.druid.filter.FilterManager.loadFilter(FilterManager.java:131)ev  el com.alibaba.druid.filter.FilterManager - load filter error, filter not found : log4j2
