2019-12-18 17:09 [restartedMain] INFO  crw.bishe.teamup01.Teamup01Application - Starting Teamup01Application on PC-201909231002 with PID 572 (D:\teamup-01\target\classes started by Administrator in D:\teamup-01)
2019-12-18 17:09 [restartedMain] INFO  crw.bishe.teamup01.Teamup01Application - No active profile set, falling back to default profiles: default
2019-12-18 17:09 [restartedMain] INFO  org.apache.coyote.http11.Http11NioProtocol - Initializing ProtocolHandler ["http-nio-8080"]
2019-12-18 17:09 [restartedMain] INFO  org.apache.catalina.core.StandardService - Starting service [Tomcat]
2019-12-18 17:09 [restartedMain] INFO  org.apache.catalina.core.StandardEngine - Starting Servlet engine: [Apache Tomcat/9.0.29]
2019-12-18 17:09 [restartedMain] INFO  org.apache.catalina.core.ContainerBase.[Tomcat].[localhost].[/] - Initializing Spring embedded WebApplicationContext
2019-12-18 17:09 [restartedMain] INFO  springfox.documentation.spring.web.PropertySourcedRequestMappingHandlerMapping - Mapped URL path [/v2/api-docs] onto method [springfox.documentation.swagger2.web.Swagger2Controller#getDocumentation(String, HttpServletRequest)]
2019-12-18 17:09 [restartedMain] INFO  tk.mybatis.mapper.autoconfigure.MapperCacheDisabler - Clear tk.mybatis.mapper.util.MsUtil CLASS_CACHE cache.
2019-12-18 17:09 [restartedMain] INFO  tk.mybatis.mapper.autoconfigure.MapperCacheDisabler - Clear tk.mybatis.mapper.genid.GenIdUtil CACHE cache.
2019-12-18 17:09 [restartedMain] INFO  tk.mybatis.mapper.autoconfigure.MapperCacheDisabler - Clear tk.mybatis.mapper.version.VersionUtil CACHE cache.
2019-12-18 17:09 [restartedMain] INFO  tk.mybatis.mapper.autoconfigure.MapperCacheDisabler - Clear EntityHelper entityTableMap cache.
2019-12-18 17:09 [restartedMain] INFO  springfox.documentation.spring.web.plugins.DocumentationPluginsBootstrapper - Context refreshed
2019-12-18 17:09 [restartedMain] INFO  springfox.documentation.spring.web.plugins.DocumentationPluginsBootstrapper - Found 1 custom documentation plugin(s)
2019-12-18 17:09 [restartedMain] INFO  springfox.documentation.spring.web.scanners.ApiListingReferenceScanner - Scanning for api listing references
2019-12-18 17:09 [restartedMain] INFO  org.apache.coyote.http11.Http11NioProtocol - Starting ProtocolHandler ["http-nio-8080"]
2019-12-18 17:09 [restartedMain] INFO  crw.bishe.teamup01.Teamup01Application - Started Teamup01Application in 2.954 seconds (JVM running for 4.193)
2019-12-18 17:10 [http-nio-8080-exec-1] INFO  org.apache.catalina.core.ContainerBase.[Tomcat].[localhost].[/] - Initializing Spring DispatcherServlet 'dispatcherServlet'
2019-12-18 17:10 [http-nio-8080-exec-6] INFO  crw.bishe.teamup01.controller.ClassInfoController - log4j2测试
2019-12-18 17:10 [http-nio-8080-exec-6] INFO  com.zaxxer.hikari.HikariDataSource - HikariPool-1 - Starting...
2019-12-18 17:10 [http-nio-8080-exec-6] INFO  com.zaxxer.hikari.HikariDataSource - HikariPool-1 - Start completed.
2019-12-18 17:10 [http-nio-8080-exec-1] INFO  crw.bishe.teamup01.controller.ClassInfoController - log4j2测试
2019-12-18 17:13 [restartedMain] INFO  crw.bishe.teamup01.Teamup01Application - Starting Teamup01Application on PC-201909231002 with PID 8208 (D:\teamup-01\target\classes started by Administrator in D:\teamup-01)
2019-12-18 17:13 [restartedMain] INFO  crw.bishe.teamup01.Teamup01Application - No active profile set, falling back to default profiles: default
2019-12-18 17:13 [restartedMain] INFO  org.apache.coyote.http11.Http11NioProtocol - Initializing ProtocolHandler ["http-nio-8080"]
2019-12-18 17:13 [restartedMain] INFO  org.apache.catalina.core.StandardService - Starting service [Tomcat]
2019-12-18 17:13 [restartedMain] INFO  org.apache.catalina.core.StandardEngine - Starting Servlet engine: [Apache Tomcat/9.0.29]
2019-12-18 17:13 [restartedMain] INFO  org.apache.catalina.core.ContainerBase.[Tomcat].[localhost].[/] - Initializing Spring embedded WebApplicationContext
2019-12-18 17:13 [restartedMain] INFO  springfox.documentation.spring.web.PropertySourcedRequestMappingHandlerMapping - Mapped URL path [/v2/api-docs] onto method [springfox.documentation.swagger2.web.Swagger2Controller#getDocumentation(String, HttpServletRequest)]
2019-12-18 17:13 [restartedMain] INFO  tk.mybatis.mapper.autoconfigure.MapperCacheDisabler - Clear tk.mybatis.mapper.util.MsUtil CLASS_CACHE cache.
2019-12-18 17:13 [restartedMain] INFO  tk.mybatis.mapper.autoconfigure.MapperCacheDisabler - Clear tk.mybatis.mapper.genid.GenIdUtil CACHE cache.
2019-12-18 17:13 [restartedMain] INFO  tk.mybatis.mapper.autoconfigure.MapperCacheDisabler - Clear tk.mybatis.mapper.version.VersionUtil CACHE cache.
2019-12-18 17:13 [restartedMain] INFO  tk.mybatis.mapper.autoconfigure.MapperCacheDisabler - Clear EntityHelper entityTableMap cache.
2019-12-18 17:13 [restartedMain] INFO  springfox.documentation.spring.web.plugins.DocumentationPluginsBootstrapper - Context refreshed
2019-12-18 17:13 [restartedMain] INFO  springfox.documentation.spring.web.plugins.DocumentationPluginsBootstrapper - Found 1 custom documentation plugin(s)
2019-12-18 17:13 [restartedMain] INFO  springfox.documentation.spring.web.scanners.ApiListingReferenceScanner - Scanning for api listing references
2019-12-18 17:13 [restartedMain] INFO  org.apache.coyote.http11.Http11NioProtocol - Starting ProtocolHandler ["http-nio-8080"]
2019-12-18 17:13 [restartedMain] INFO  crw.bishe.teamup01.Teamup01Application - Started Teamup01Application in 2.956 seconds (JVM running for 4.096)
2019-12-18 17:17 [restartedMain] INFO  crw.bishe.teamup01.Teamup01Application - Starting Teamup01Application on PC-201909231002 with PID 8208 (D:\teamup-01\target\classes started by Administrator in D:\teamup-01)
2019-12-18 17:17 [restartedMain] INFO  crw.bishe.teamup01.Teamup01Application - No active profile set, falling back to default profiles: default
2019-12-18 17:17 [restartedMain] WARN  org.apache.tomcat.util.modeler.Registry - The MBean registry cannot be disabled because it has already been initialised
2019-12-18 17:17 [restartedMain] INFO  org.apache.coyote.http11.Http11NioProtocol - Initializing ProtocolHandler ["http-nio-8080"]
2019-12-18 17:17 [restartedMain] INFO  org.apache.catalina.core.StandardService - Starting service [Tomcat]
2019-12-18 17:17 [restartedMain] INFO  org.apache.catalina.core.StandardEngine - Starting Servlet engine: [Apache Tomcat/9.0.29]
2019-12-18 17:17 [restartedMain] INFO  org.apache.catalina.core.ContainerBase.[Tomcat].[localhost].[/] - Initializing Spring embedded WebApplicationContext
2019-12-18 17:17 [restartedMain] INFO  org.apache.catalina.core.StandardService - Stopping service [Tomcat]
2019-12-18 17:19 [restartedMain] INFO  crw.bishe.teamup01.Teamup01Application - Starting Teamup01Application on PC-201909231002 with PID 7500 (D:\teamup-01\target\classes started by Administrator in D:\teamup-01)
2019-12-18 17:19 [restartedMain] INFO  crw.bishe.teamup01.Teamup01Application - No active profile set, falling back to default profiles: default
2019-12-18 17:19 [restartedMain] INFO  org.apache.coyote.http11.Http11NioProtocol - Initializing ProtocolHandler ["http-nio-8080"]
2019-12-18 17:19 [restartedMain] INFO  org.apache.catalina.core.StandardService - Starting service [Tomcat]
2019-12-18 17:19 [restartedMain] INFO  org.apache.catalina.core.StandardEngine - Starting Servlet engine: [Apache Tomcat/9.0.29]
2019-12-18 17:19 [restartedMain] INFO  org.apache.catalina.core.ContainerBase.[Tomcat].[localhost].[/] - Initializing Spring embedded WebApplicationContext
2019-12-18 17:19 [restartedMain] INFO  org.apache.catalina.core.StandardService - Stopping service [Tomcat]
2019-12-18 17:19 [restartedMain] WARN  org.apache.catalina.loader.WebappClassLoaderBase - The web application [ROOT] appears to have started a thread named [Abandoned connection cleanup thread] but has failed to stop it. This is very likely to create a memory leak. Stack trace of thread:
 java.lang.Object.wait(Native Method)
 java.lang.ref.ReferenceQueue.remove(ReferenceQueue.java:143)
 com.mysql.jdbc.AbandonedConnectionCleanupThread.run(AbandonedConnectionCleanupThread.java:43)
2019-12-18 17:19 [restartedMain] INFO  crw.bishe.teamup01.Teamup01Application - Starting Teamup01Application on PC-201909231002 with PID 12236 (D:\teamup-01\target\classes started by Administrator in D:\teamup-01)
2019-12-18 17:19 [restartedMain] INFO  crw.bishe.teamup01.Teamup01Application - No active profile set, falling back to default profiles: default
2019-12-18 17:19 [restartedMain] INFO  org.apache.coyote.http11.Http11NioProtocol - Initializing ProtocolHandler ["http-nio-8080"]
2019-12-18 17:19 [restartedMain] INFO  org.apache.catalina.core.StandardService - Starting service [Tomcat]
2019-12-18 17:19 [restartedMain] INFO  org.apache.catalina.core.StandardEngine - Starting Servlet engine: [Apache Tomcat/9.0.29]
2019-12-18 17:19 [restartedMain] INFO  org.apache.catalina.core.ContainerBase.[Tomcat].[localhost].[/] - Initializing Spring embedded WebApplicationContext
2019-12-18 17:19 [restartedMain] INFO  springfox.documentation.spring.web.PropertySourcedRequestMappingHandlerMapping - Mapped URL path [/v2/api-docs] onto method [springfox.documentation.swagger2.web.Swagger2Controller#getDocumentation(String, HttpServletRequest)]
2019-12-18 17:19 [restartedMain] INFO  tk.mybatis.mapper.autoconfigure.MapperCacheDisabler - Clear tk.mybatis.mapper.util.MsUtil CLASS_CACHE cache.
2019-12-18 17:19 [restartedMain] INFO  tk.mybatis.mapper.autoconfigure.MapperCacheDisabler - Clear tk.mybatis.mapper.genid.GenIdUtil CACHE cache.
2019-12-18 17:19 [restartedMain] INFO  tk.mybatis.mapper.autoconfigure.MapperCacheDisabler - Clear tk.mybatis.mapper.version.VersionUtil CACHE cache.
2019-12-18 17:19 [restartedMain] INFO  tk.mybatis.mapper.autoconfigure.MapperCacheDisabler - Clear EntityHelper entityTableMap cache.
2019-12-18 17:19 [restartedMain] INFO  springfox.documentation.spring.web.plugins.DocumentationPluginsBootstrapper - Context refreshed
2019-12-18 17:19 [restartedMain] INFO  springfox.documentation.spring.web.plugins.DocumentationPluginsBootstrapper - Found 1 custom documentation plugin(s)
2019-12-18 17:19 [restartedMain] INFO  springfox.documentation.spring.web.scanners.ApiListingReferenceScanner - Scanning for api listing references
2019-12-18 17:19 [restartedMain] INFO  org.apache.coyote.http11.Http11NioProtocol - Starting ProtocolHandler ["http-nio-8080"]
2019-12-18 17:19 [restartedMain] INFO  crw.bishe.teamup01.Teamup01Application - Started Teamup01Application in 2.834 seconds (JVM running for 3.997)
